Determining if the function crc32c_value exists in the crc32c failed with the following output:
Change Dir: /home/meggie/文档/partnercompaction_for_read/build/CMakeFiles/CMakeTmp

Run Build Command:"/usr/bin/make" "cmTC_5ed09/fast"
/usr/bin/make -f CMakeFiles/cmTC_5ed09.dir/build.make CMakeFiles/cmTC_5ed09.dir/build
make[1]: Entering directory '/home/meggie/文档/partnercompaction_for_read/build/CMakeFiles/CMakeTmp'
Building C object CMakeFiles/cmTC_5ed09.dir/CheckFunctionExists.c.o
/usr/bin/cc   -DCHECK_FUNCTION_EXISTS=crc32c_value   -std=c11 -o CMakeFiles/cmTC_5ed09.dir/CheckFunctionExists.c.o   -c /usr/local/share/cmake-3.9/Modules/CheckFunctionExists.c
Linking C executable cmTC_5ed09
/usr/local/bin/cmake -E cmake_link_script CMakeFiles/cmTC_5ed09.dir/link.txt --verbose=1
/usr/bin/cc  -DCHECK_FUNCTION_EXISTS=crc32c_value    CMakeFiles/cmTC_5ed09.dir/CheckFunctionExists.c.o  -o cmTC_5ed09 -lcrc32c 
/usr/bin/ld: 找不到 -lcrc32c
collect2: error: ld returned 1 exit status
CMakeFiles/cmTC_5ed09.dir/build.make:97: recipe for target 'cmTC_5ed09' failed
make[1]: *** [cmTC_5ed09] Error 1
make[1]: Leaving directory '/home/meggie/文档/partnercompaction_for_read/build/CMakeFiles/CMakeTmp'
Makefile:126: recipe for target 'cmTC_5ed09/fast' failed
make: *** [cmTC_5ed09/fast] Error 2


Determining if the function snappy_compress exists in the snappy failed with the following output:
Change Dir: /home/meggie/文档/partnercompaction_for_read/build/CMakeFiles/CMakeTmp

Run Build Command:"/usr/bin/make" "cmTC_0d2c5/fast"
/usr/bin/make -f CMakeFiles/cmTC_0d2c5.dir/build.make CMakeFiles/cmTC_0d2c5.dir/build
make[1]: Entering directory '/home/meggie/文档/partnercompaction_for_read/build/CMakeFiles/CMakeTmp'
Building C object CMakeFiles/cmTC_0d2c5.dir/CheckFunctionExists.c.o
/usr/bin/cc   -DCHECK_FUNCTION_EXISTS=snappy_compress   -std=c11 -o CMakeFiles/cmTC_0d2c5.dir/CheckFunctionExists.c.o   -c /usr/local/share/cmake-3.9/Modules/CheckFunctionExists.c
Linking C executable cmTC_0d2c5
/usr/local/bin/cmake -E cmake_link_script CMakeFiles/cmTC_0d2c5.dir/link.txt --verbose=1
/usr/bin/cc  -DCHECK_FUNCTION_EXISTS=snappy_compress    CMakeFiles/cmTC_0d2c5.dir/CheckFunctionExists.c.o  -o cmTC_0d2c5 -lsnappy 
/usr/bin/ld: 找不到 -lsnappy
collect2: error: ld returned 1 exit status
CMakeFiles/cmTC_0d2c5.dir/build.make:97: recipe for target 'cmTC_0d2c5' failed
make[1]: *** [cmTC_0d2c5] Error 1
make[1]: Leaving directory '/home/meggie/文档/partnercompaction_for_read/build/CMakeFiles/CMakeTmp'
Makefile:126: recipe for target 'cmTC_0d2c5/fast' failed
make: *** [cmTC_0d2c5/fast] Error 2


Determining if the function malloc exists in the tcmalloc failed with the following output:
Change Dir: /home/meggie/文档/partnercompaction_for_read/build/CMakeFiles/CMakeTmp

Run Build Command:"/usr/bin/make" "cmTC_80724/fast"
/usr/bin/make -f CMakeFiles/cmTC_80724.dir/build.make CMakeFiles/cmTC_80724.dir/build
make[1]: Entering directory '/home/meggie/文档/partnercompaction_for_read/build/CMakeFiles/CMakeTmp'
Building C object CMakeFiles/cmTC_80724.dir/CheckFunctionExists.c.o
/usr/bin/cc   -DCHECK_FUNCTION_EXISTS=malloc   -std=c11 -o CMakeFiles/cmTC_80724.dir/CheckFunctionExists.c.o   -c /usr/local/share/cmake-3.9/Modules/CheckFunctionExists.c
<command-line>:0:23: warning: conflicting types for built-in function ‘malloc’
/usr/local/share/cmake-3.9/Modules/CheckFunctionExists.c:7:3: note: in expansion of macro ‘CHECK_FUNCTION_EXISTS’
   CHECK_FUNCTION_EXISTS(void);
   ^
Linking C executable cmTC_80724
/usr/local/bin/cmake -E cmake_link_script CMakeFiles/cmTC_80724.dir/link.txt --verbose=1
/usr/bin/cc  -DCHECK_FUNCTION_EXISTS=malloc    CMakeFiles/cmTC_80724.dir/CheckFunctionExists.c.o  -o cmTC_80724 -ltcmalloc 
/usr/bin/ld: 找不到 -ltcmalloc
collect2: error: ld returned 1 exit status
CMakeFiles/cmTC_80724.dir/build.make:97: recipe for target 'cmTC_80724' failed
make[1]: *** [cmTC_80724] Error 1
make[1]: Leaving directory '/home/meggie/文档/partnercompaction_for_read/build/CMakeFiles/CMakeTmp'
Makefile:126: recipe for target 'cmTC_80724/fast' failed
make: *** [cmTC_80724/fast] Error 2


Determining if the F_FULLFSYNC exist failed with the following output:
Change Dir: /home/meggie/文档/partnercompaction_for_read/build/CMakeFiles/CMakeTmp

Run Build Command:"/usr/bin/make" "cmTC_8282e/fast"
/usr/bin/make -f CMakeFiles/cmTC_8282e.dir/build.make CMakeFiles/cmTC_8282e.dir/build
make[1]: Entering directory '/home/meggie/文档/partnercompaction_for_read/build/CMakeFiles/CMakeTmp'
Building CXX object CMakeFiles/cmTC_8282e.dir/CheckSymbolExists.cxx.o
/usr/bin/c++    -std=c++11 -o CMakeFiles/cmTC_8282e.dir/CheckSymbolExists.cxx.o -c /home/meggie/文档/partnercompaction_for_read/build/CMakeFiles/CMakeTmp/CheckSymbolExists.cxx
/home/meggie/文档/partnercompaction_for_read/build/CMakeFiles/CMakeTmp/CheckSymbolExists.cxx: In function ‘int main(int, char**)’:
/home/meggie/文档/partnercompaction_for_read/build/CMakeFiles/CMakeTmp/CheckSymbolExists.cxx:8:19: error: ‘F_FULLFSYNC’ was not declared in this scope
   return ((int*)(&F_FULLFSYNC))[argc];
                   ^
CMakeFiles/cmTC_8282e.dir/build.make:65: recipe for target 'CMakeFiles/cmTC_8282e.dir/CheckSymbolExists.cxx.o' failed
make[1]: *** [CMakeFiles/cmTC_8282e.dir/CheckSymbolExists.cxx.o] Error 1
make[1]: Leaving directory '/home/meggie/文档/partnercompaction_for_read/build/CMakeFiles/CMakeTmp'
Makefile:126: recipe for target 'cmTC_8282e/fast' failed
make: *** [cmTC_8282e/fast] Error 2

File /home/meggie/文档/partnercompaction_for_read/build/CMakeFiles/CMakeTmp/CheckSymbolExists.cxx:
/* */
#include <fcntl.h>

int main(int argc, char** argv)
{
  (void)argv;
#ifndef F_FULLFSYNC
  return ((int*)(&F_FULLFSYNC))[argc];
#else
  (void)argc;
  return 0;
#endif
}

Performing C++ SOURCE FILE Test HAVE_CLANG_THREAD_SAFETY failed with the following output:
Change Dir: /home/meggie/文档/partnercompaction_for_read/build/CMakeFiles/CMakeTmp

Run Build Command:"/usr/bin/make" "cmTC_8a5dc/fast"
/usr/bin/make -f CMakeFiles/cmTC_8a5dc.dir/build.make CMakeFiles/cmTC_8a5dc.dir/build
make[1]: Entering directory '/home/meggie/文档/partnercompaction_for_read/build/CMakeFiles/CMakeTmp'
Building CXX object CMakeFiles/cmTC_8a5dc.dir/src.cxx.o
/usr/bin/c++    -DHAVE_CLANG_THREAD_SAFETY -Werror   -std=c++11 -o CMakeFiles/cmTC_8a5dc.dir/src.cxx.o -c /home/meggie/文档/partnercompaction_for_read/build/CMakeFiles/CMakeTmp/src.cxx
/home/meggie/文档/partnercompaction_for_read/build/CMakeFiles/CMakeTmp/src.cxx:2:34: error: ‘lockable’ attribute directive ignored [-Werror=attributes]
 struct __attribute__((lockable)) Lock {
                                  ^
/home/meggie/文档/partnercompaction_for_read/build/CMakeFiles/CMakeTmp/src.cxx:3:59: error: ‘exclusive_lock_function’ attribute directive ignored [-Werror=attributes]
   void Acquire() __attribute__((exclusive_lock_function()));
                                                           ^
/home/meggie/文档/partnercompaction_for_read/build/CMakeFiles/CMakeTmp/src.cxx:4:51: error: ‘unlock_function’ attribute directive ignored [-Werror=attributes]
   void Release() __attribute__((unlock_function()));
                                                   ^
/home/meggie/文档/partnercompaction_for_read/build/CMakeFiles/CMakeTmp/src.cxx:8:46: error: ‘guarded_by’ attribute directive ignored [-Werror=attributes]
   int data_ __attribute__((guarded_by(lock_)));
                                              ^
cc1plus: all warnings being treated as errors
CMakeFiles/cmTC_8a5dc.dir/build.make:65: recipe for target 'CMakeFiles/cmTC_8a5dc.dir/src.cxx.o' failed
make[1]: *** [CMakeFiles/cmTC_8a5dc.dir/src.cxx.o] Error 1
make[1]: Leaving directory '/home/meggie/文档/partnercompaction_for_read/build/CMakeFiles/CMakeTmp'
Makefile:126: recipe for target 'cmTC_8a5dc/fast' failed
make: *** [cmTC_8a5dc/fast] Error 2

Source file was:

struct __attribute__((lockable)) Lock {
  void Acquire() __attribute__((exclusive_lock_function()));
  void Release() __attribute__((unlock_function()));
};
struct ThreadSafeType {
  Lock lock_;
  int data_ __attribute__((guarded_by(lock_)));
};
int main() { return 0; }

Determining if the pthread_create exist failed with the following output:
Change Dir: /home/meggie/文档/partnercompaction_for_read/build/CMakeFiles/CMakeTmp

Run Build Command:"/usr/bin/make" "cmTC_c282d/fast"
/usr/bin/make -f CMakeFiles/cmTC_c282d.dir/build.make CMakeFiles/cmTC_c282d.dir/build
make[1]: Entering directory '/home/meggie/文档/partnercompaction_for_read/build/CMakeFiles/CMakeTmp'
Building C object CMakeFiles/cmTC_c282d.dir/CheckSymbolExists.c.o
/usr/bin/cc   -std=c11 -o CMakeFiles/cmTC_c282d.dir/CheckSymbolExists.c.o   -c /home/meggie/文档/partnercompaction_for_read/build/CMakeFiles/CMakeTmp/CheckSymbolExists.c
Linking C executable cmTC_c282d
/usr/local/bin/cmake -E cmake_link_script CMakeFiles/cmTC_c282d.dir/link.txt --verbose=1
/usr/bin/cc      CMakeFiles/cmTC_c282d.dir/CheckSymbolExists.c.o  -o cmTC_c282d 
CMakeFiles/cmTC_c282d.dir/CheckSymbolExists.c.o：在函数‘main’中：
CheckSymbolExists.c:(.text+0x16)：对‘pthread_create’未定义的引用
collect2: error: ld returned 1 exit status
CMakeFiles/cmTC_c282d.dir/build.make:97: recipe for target 'cmTC_c282d' failed
make[1]: *** [cmTC_c282d] Error 1
make[1]: Leaving directory '/home/meggie/文档/partnercompaction_for_read/build/CMakeFiles/CMakeTmp'
Makefile:126: recipe for target 'cmTC_c282d/fast' failed
make: *** [cmTC_c282d/fast] Error 2

File /home/meggie/文档/partnercompaction_for_read/build/CMakeFiles/CMakeTmp/CheckSymbolExists.c:
/* */
#include <pthread.h>

int main(int argc, char** argv)
{
  (void)argv;
#ifndef pthread_create
  return ((int*)(&pthread_create))[argc];
#else
  (void)argc;
  return 0;
#endif
}

Determining if the function pthread_create exists in the pthreads failed with the following output:
Change Dir: /home/meggie/文档/partnercompaction_for_read/build/CMakeFiles/CMakeTmp

Run Build Command:"/usr/bin/make" "cmTC_1223e/fast"
/usr/bin/make -f CMakeFiles/cmTC_1223e.dir/build.make CMakeFiles/cmTC_1223e.dir/build
make[1]: Entering directory '/home/meggie/文档/partnercompaction_for_read/build/CMakeFiles/CMakeTmp'
Building C object CMakeFiles/cmTC_1223e.dir/CheckFunctionExists.c.o
/usr/bin/cc   -DCHECK_FUNCTION_EXISTS=pthread_create   -std=c11 -o CMakeFiles/cmTC_1223e.dir/CheckFunctionExists.c.o   -c /usr/local/share/cmake-3.9/Modules/CheckFunctionExists.c
Linking C executable cmTC_1223e
/usr/local/bin/cmake -E cmake_link_script CMakeFiles/cmTC_1223e.dir/link.txt --verbose=1
/usr/bin/cc  -DCHECK_FUNCTION_EXISTS=pthread_create    CMakeFiles/cmTC_1223e.dir/CheckFunctionExists.c.o  -o cmTC_1223e -lpthreads 
/usr/bin/ld: 找不到 -lpthreads
collect2: error: ld returned 1 exit status
CMakeFiles/cmTC_1223e.dir/build.make:97: recipe for target 'cmTC_1223e' failed
make[1]: *** [cmTC_1223e] Error 1
make[1]: Leaving directory '/home/meggie/文档/partnercompaction_for_read/build/CMakeFiles/CMakeTmp'
Makefile:126: recipe for target 'cmTC_1223e/fast' failed
make: *** [cmTC_1223e/fast] Error 2


Determining if the function sqlite3_open exists in the sqlite3 failed with the following output:
Change Dir: /home/meggie/文档/partnercompaction_for_read/build/CMakeFiles/CMakeTmp

Run Build Command:"/usr/bin/make" "cmTC_9918e/fast"
/usr/bin/make -f CMakeFiles/cmTC_9918e.dir/build.make CMakeFiles/cmTC_9918e.dir/build
make[1]: Entering directory '/home/meggie/文档/partnercompaction_for_read/build/CMakeFiles/CMakeTmp'
Building C object CMakeFiles/cmTC_9918e.dir/CheckFunctionExists.c.o
/usr/bin/cc   -DCHECK_FUNCTION_EXISTS=sqlite3_open   -std=c11 -o CMakeFiles/cmTC_9918e.dir/CheckFunctionExists.c.o   -c /usr/local/share/cmake-3.9/Modules/CheckFunctionExists.c
Linking C executable cmTC_9918e
/usr/local/bin/cmake -E cmake_link_script CMakeFiles/cmTC_9918e.dir/link.txt --verbose=1
/usr/bin/cc  -DCHECK_FUNCTION_EXISTS=sqlite3_open    CMakeFiles/cmTC_9918e.dir/CheckFunctionExists.c.o  -o cmTC_9918e -lsqlite3 
/usr/bin/ld: 找不到 -lsqlite3
collect2: error: ld returned 1 exit status
CMakeFiles/cmTC_9918e.dir/build.make:97: recipe for target 'cmTC_9918e' failed
make[1]: *** [cmTC_9918e] Error 1
make[1]: Leaving directory '/home/meggie/文档/partnercompaction_for_read/build/CMakeFiles/CMakeTmp'
Makefile:126: recipe for target 'cmTC_9918e/fast' failed
make: *** [cmTC_9918e/fast] Error 2


Performing C++ SOURCE FILE Test HAVE_KYOTOCABINET failed with the following output:
Change Dir: /home/meggie/文档/partnercompaction_for_read/build/CMakeFiles/CMakeTmp

Run Build Command:"/usr/bin/make" "cmTC_46039/fast"
/usr/bin/make -f CMakeFiles/cmTC_46039.dir/build.make CMakeFiles/cmTC_46039.dir/build
make[1]: Entering directory '/home/meggie/文档/partnercompaction_for_read/build/CMakeFiles/CMakeTmp'
Building CXX object CMakeFiles/cmTC_46039.dir/src.cxx.o
/usr/bin/c++    -DHAVE_KYOTOCABINET   -std=c++11 -o CMakeFiles/cmTC_46039.dir/src.cxx.o -c /home/meggie/文档/partnercompaction_for_read/build/CMakeFiles/CMakeTmp/src.cxx
/home/meggie/文档/partnercompaction_for_read/build/CMakeFiles/CMakeTmp/src.cxx:2:22: fatal error: kcpolydb.h: 没有那个文件或目录
compilation terminated.
CMakeFiles/cmTC_46039.dir/build.make:65: recipe for target 'CMakeFiles/cmTC_46039.dir/src.cxx.o' failed
make[1]: *** [CMakeFiles/cmTC_46039.dir/src.cxx.o] Error 1
make[1]: Leaving directory '/home/meggie/文档/partnercompaction_for_read/build/CMakeFiles/CMakeTmp'
Makefile:126: recipe for target 'cmTC_46039/fast' failed
make: *** [cmTC_46039/fast] Error 2

Source file was:

#include <kcpolydb.h>

int main() {
  kyotocabinet::TreeDB* db = new kyotocabinet::TreeDB();
  delete db;
  return 0;
}
  
